<?xml version="1.0" encoding="UTF-8"?>
<!-- Generated by org.testng.reporters.JUnitReportReporter -->
<testsuite hostname="DESKTOP-4JLUKO6" failures="0" tests="1" name="nawatTests.ProjectFilterTest" time="32.438" errors="0" timestamp="5 Mar 2025 15:38:08 GMT">
  <testcase classname="nawatTests.ProjectFilterTest" name="validateHomePage" time="32.438"/>
</testsuite> <!-- nawatTests.ProjectFilterTest -->
